Base path: C:/Program Files/Unity/Editor/Data
Pipe name: \\.\pipe\UnityShaderCompiler-64bit-1-2740
Cmd: getPlatforms
Cmd: preprocess
  insize=8687 outsize=2135 ok=1
Cmd: compileSnippet
  api=4 type=0 insize=6740 outsize=1006 kw= ok=1
Cmd: compileSnippet
  api=4 type=1 insize=6740 outsize=1899 kw= ok=1
Cmd: compileSnippet
  api=4 type=0 insize=6735 outsize=1006 kw= ok=1
Cmd: compileSnippet
  api=4 type=1 insize=6735 outsize=3565 kw= ok=1
Cmd: compileSnippet
  api=4 type=0 insize=6735 outsize=1006 kw= ok=1
Cmd: compileSnippet
  api=4 type=1 insize=6735 outsize=1485 kw= ok=1
Cmd: compileSnippet
  api=4 type=0 insize=6735 outsize=1006 kw= ok=1
Cmd: compileSnippet
  api=4 type=1 insize=6735 outsize=1485 kw= ok=1
Cmd: compileSnippet
  api=4 type=0 insize=6737 outsize=1006 kw= ok=1
Cmd: compileSnippet
  api=4 type=1 insize=6737 outsize=1810 kw= ok=1
Cmd: compileSnippet
  api=4 type=0 insize=6737 outsize=1006 kw= ok=1
Cmd: compileSnippet
  api=4 type=1 insize=6737 outsize=1485 kw= ok=1
Cmd: compileSnippet
  api=4 type=0 insize=6746 outsize=1006 kw= ok=1
Cmd: compileSnippet
  api=4 type=1 insize=6746 outsize=1444 kw= ok=1
Cmd: compileSnippet
  api=4 type=0 insize=6751 outsize=1006 kw= ok=1
Cmd: compileSnippet
  api=4 type=1 insize=6751 outsize=1363 kw= ok=1
Cmd: compileSnippet
  api=4 type=0 insize=6744 outsize=1006 kw= ok=1
Cmd: compileSnippet
  api=4 type=1 insize=6744 outsize=868 kw= ok=1
Cmd: compileSnippet
  api=4 type=0 insize=6742 outsize=1006 kw= ok=1
Cmd: compileSnippet
  api=4 type=1 insize=6742 outsize=1526 kw= ok=1
Cmd: compileSnippet
  api=4 type=0 insize=6749 outsize=1006 kw= ok=1
Cmd: compileSnippet
  api=4 type=1 insize=6749 outsize=1948 kw= ok=1
Cmd: preprocess
  insize=1137 outsize=433 ok=1
Cmd: compileSnippet
  api=4 type=0 insize=997 outsize=1006 kw= ok=1
Cmd: compileSnippet
  api=4 type=1 insize=997 outsize=859 kw= ok=1
Cmd: compileSnippet
  api=4 type=0 insize=996 outsize=1006 kw= ok=1
Cmd: compileSnippet
  api=4 type=1 insize=996 outsize=859 kw= ok=1
Cmd: preprocess
  insize=9900 outsize=835 ok=1
Cmd: compileSnippet
  api=4 type=0 insize=9256 outsize=1924 kw= ok=1
Cmd: compileSnippet
  api=4 type=1 insize=9256 outsize=3110 kw= ok=1
Cmd: compileSnippet
  api=4 type=0 insize=9260 outsize=2013 kw= ok=1
Cmd: compileSnippet
  api=4 type=1 insize=9260 outsize=3313 kw= ok=1
Cmd: compileSnippet
  api=4 type=0 insize=9281 outsize=1355 kw= ok=1
Cmd: compileSnippet
  api=4 type=1 insize=9281 outsize=4979 kw= ok=1
Cmd: compileSnippet
  api=4 type=0 insize=9276 outsize=1355 kw= ok=1
Cmd: compileSnippet
  api=4 type=1 insize=9276 outsize=5239 kw= ok=1
Cmd: compileSnippet
  api=4 type=0 insize=9280 outsize=1493 kw= ok=1
Cmd: compileSnippet
  api=4 type=1 insize=9280 outsize=1518 kw= ok=1
Cmd: preprocess
  insize=1223 outsize=404 ok=1
Cmd: compileSnippet
  api=4 type=0 insize=1124 outsize=1006 kw= ok=1
Cmd: compileSnippet
  api=4 type=1 insize=1124 outsize=1973 kw= ok=1
Cmd: preprocess
  error: 2 plat 16 at (40): Can't find include file frag_ao.cginc
  error: 2 plat 16 at (44): Can't find include file frag_ao.cginc
  error: 2 plat 16 at (48): Can't find include file frag_ao.cginc
  error: 2 plat 16 at (52): Can't find include file frag_ao.cginc
  error: 2 plat 16 at (57): Can't find include file frag_ao.cginc
  insize=6790 outsize=827 ok=0
Cmd: preprocess
  insize=1157 outsize=308 ok=1
Cmd: compileSnippet
  api=4 type=0 insize=1154 outsize=1753 kw= ok=1
Cmd: compileSnippet
  api=4 type=1 insize=1154 outsize=1412 kw= ok=1
Cmd: preprocess
  insize=2328 outsize=648 ok=1
Cmd: compileSnippet
  api=4 type=0 insize=1986 outsize=1444 kw= ok=1
Cmd: compileSnippet
  api=4 type=1 insize=1986 outsize=3224 kw= ok=1
Cmd: preprocess
  insize=6423 outsize=1035 ok=1
Cmd: compileSnippet
  api=4 type=0 insize=5604 outsize=1314 kw= ok=1
Cmd: compileSnippet
  api=4 type=1 insize=5604 outsize=892 kw= ok=1
Cmd: compileSnippet
  api=4 type=0 insize=5612 outsize=1599 kw= ok=1
Cmd: compileSnippet
  api=4 type=1 insize=5612 outsize=1534 kw= ok=1
Cmd: compileSnippet
  api=4 type=0 insize=5616 outsize=1412 kw= ok=1
Cmd: compileSnippet
  api=4 type=1 insize=5616 outsize=1534 kw= ok=1
Cmd: compileSnippet
  api=4 type=0 insize=5617 outsize=1412 kw= ok=1
Cmd: compileSnippet
  api=4 type=1 insize=5617 outsize=1534 kw= ok=1
Cmd: compileSnippet
  api=4 type=0 insize=5621 outsize=1769 kw= ok=1
Cmd: compileSnippet
  api=4 type=1 insize=5621 outsize=1802 kw= ok=1
Cmd: compileSnippet
  api=4 type=0 insize=5622 outsize=1769 kw= ok=1
Cmd: compileSnippet
  api=4 type=1 insize=5622 outsize=1802 kw= ok=1
Cmd: preprocess
  insize=4990 outsize=1857 ok=1
Cmd: compileSnippet
  api=4 type=0 insize=3309 outsize=1355 kw= ok=1
Cmd: compileSnippet
  api=4 type=1 insize=3309 outsize=1176 kw= ok=1
Cmd: compileSnippet
  api=4 type=0 insize=3306 outsize=1355 kw= ok=1
Cmd: compileSnippet
  api=4 type=1 insize=3306 outsize=949 kw= ok=1
Cmd: compileSnippet
  api=4 type=0 insize=3322 outsize=1769 kw= ok=1
Cmd: compileSnippet
  api=4 type=1 insize=3322 outsize=1444 kw= ok=1
Cmd: compileSnippet
  api=4 type=0 insize=3314 outsize=1355 kw= ok=1
Cmd: compileSnippet
  api=4 type=1 insize=3314 outsize=868 kw= ok=1
Cmd: compileSnippet
  api=4 type=0 insize=3314 outsize=1355 kw= ok=1
Cmd: compileSnippet
  api=4 type=1 insize=3314 outsize=1176 kw= ok=1
Cmd: compileSnippet
  api=4 type=0 insize=3311 outsize=1355 kw= ok=1
Cmd: compileSnippet
  api=4 type=1 insize=3311 outsize=949 kw= ok=1
Cmd: compileSnippet
  api=4 type=0 insize=3323 outsize=1769 kw= ok=1
Cmd: compileSnippet
  api=4 type=1 insize=3323 outsize=1371 kw= ok=1
Cmd: compileSnippet
  api=4 type=0 insize=3316 outsize=1355 kw= ok=1
Cmd: compileSnippet
  api=4 type=1 insize=3316 outsize=786 kw= ok=1
Cmd: compileSnippet
  api=4 type=0 insize=3308 outsize=1355 kw= ok=1
Cmd: compileSnippet
  api=4 type=1 insize=3308 outsize=575 kw= ok=1
Cmd: compileSnippet
  api=4 type=0 insize=3312 outsize=1355 kw= ok=1
Cmd: compileSnippet
  api=4 type=1 insize=3312 outsize=778 kw= ok=1
Cmd: compileSnippet
  api=4 type=0 insize=3307 outsize=1355 kw= ok=1
Cmd: compileSnippet
  api=4 type=1 insize=3307 outsize=664 kw= ok=1
Cmd: preprocess
  insize=24902 outsize=4334 ok=1
Cmd: compileSnippet
  api=4 type=0 insize=19790 outsize=1314 kw= ok=1
Cmd: compileSnippet
  api=4 type=1 insize=19790 outsize=1436 kw= ok=1
Cmd: compileSnippet
  api=4 type=0 insize=19796 outsize=2111 kw= ok=1
Cmd: compileSnippet
  api=4 type=1 insize=19796 outsize=3931 kw= ok=1
Cmd: compileSnippet
  api=4 type=0 insize=19799 outsize=2111 kw= ok=1
Cmd: compileSnippet
  api=4 type=1 insize=19799 outsize=7587 kw= ok=1
Cmd: compileSnippet
  api=4 type=0 insize=19778 outsize=1314 kw= ok=1
Cmd: compileSnippet
  api=4 type=1 insize=19778 outsize=664 kw= ok=1
Cmd: compileSnippet
  api=4 type=0 insize=19794 outsize=1314 kw= ok=1
Cmd: compileSnippet
  api=4 type=1 insize=19794 outsize=1428 kw= ok=1
Cmd: compileSnippet
  api=4 type=0 insize=19781 outsize=1314 kw= ok=1
Cmd: compileSnippet
  api=4 type=1 insize=19781 outsize=2574 kw= ok=1
Cmd: compileSnippet
  api=4 type=0 insize=19792 outsize=1314 kw= ok=1
Cmd: compileSnippet
  api=4 type=1 insize=19792 outsize=2111 kw= ok=1
Cmd: compileSnippet
  api=4 type=0 insize=19788 outsize=1314 kw= ok=1
Cmd: compileSnippet
  api=4 type=1 insize=19788 outsize=843 kw= ok=1
Cmd: compileSnippet
  api=4 type=0 insize=19798 outsize=1314 kw= ok=1
Cmd: compileSnippet
  api=4 type=1 insize=19798 outsize=1501 kw= ok=1
Cmd: compileSnippet
  api=4 type=0 insize=19791 outsize=1314 kw= ok=1
Cmd: compileSnippet
  api=4 type=1 insize=19791 outsize=1233 kw= ok=1
Cmd: compileSnippet
  api=4 type=0 insize=19798 outsize=1314 kw= ok=1
Cmd: compileSnippet
  api=4 type=1 insize=19798 outsize=1818 kw= ok=1
Cmd: compileSnippet
  api=4 type=0 insize=19786 outsize=1314 kw= ok=1
Cmd: compileSnippet
  error: 1 plat 4 at (92): gradient-based operations must be moved out of flow control to prevent divergence. Performance may improve by using a non-gradient operation\nCompiling Fragment program
  error: 1 plat 4 at (168): gradient-based operations must be moved out of flow control to prevent divergence. Performance may improve by using a non-gradient operation\nCompiling Fragment program
  api=4 type=1 insize=19786 outsize=3102 kw= ok=1
Cmd: compileSnippet
  api=4 type=0 insize=19795 outsize=1314 kw= ok=1
Cmd: compileSnippet
  api=4 type=1 insize=19795 outsize=3500 kw= ok=1
Cmd: compileSnippet
  api=4 type=0 insize=19782 outsize=1314 kw= ok=1
Cmd: compileSnippet
  api=4 type=1 insize=19782 outsize=1558 kw= ok=1
Cmd: compileSnippet
  api=4 type=0 insize=19796 outsize=1314 kw= ok=1
Cmd: compileSnippet
  api=4 type=1 insize=19796 outsize=1046 kw= ok=1
Cmd: compileSnippet
  api=4 type=0 insize=19787 outsize=1314 kw= ok=1
Cmd: compileSnippet
  api=4 type=1 insize=19787 outsize=1404 kw= ok=1
Cmd: compileSnippet
  api=4 type=0 insize=19782 outsize=1314 kw= ok=1
Cmd: compileSnippet
  api=4 type=1 insize=19782 outsize=859 kw= ok=1
Cmd: compileSnippet
  api=4 type=0 insize=19786 outsize=1314 kw= ok=1
Cmd: compileSnippet
  error: 1 plat 4 at (97): gradient-based operations must be moved out of flow control to prevent divergence. Performance may improve by using a non-gradient operation\nCompiling Fragment program
  error: 1 plat 4 at (200): gradient-based operations must be moved out of flow control to prevent divergence. Performance may improve by using a non-gradient operation\nCompiling Fragment program
  api=4 type=1 insize=19786 outsize=3858 kw= ok=1
Cmd: compileSnippet
  api=4 type=0 insize=19795 outsize=1314 kw= ok=1
Cmd: compileSnippet
  api=4 type=1 insize=19795 outsize=3760 kw= ok=1
Cmd: compileSnippet
  api=4 type=0 insize=19804 outsize=2111 kw= ok=1
Cmd: compileSnippet
  api=4 type=1 insize=19804 outsize=4670 kw= ok=1
Cmd: compileSnippet
  api=4 type=0 insize=19783 outsize=1314 kw= ok=1
Cmd: compileSnippet
  api=4 type=1 insize=19783 outsize=778 kw= ok=1
Cmd: compileSnippet
  api=4 type=0 insize=19785 outsize=1314 kw= ok=1
Cmd: compileSnippet
  api=4 type=1 insize=19785 outsize=2574 kw= ok=1
Cmd: compileSnippet
  api=4 type=0 insize=19801 outsize=1314 kw= ok=1
Cmd: compileSnippet
  api=4 type=1 insize=19801 outsize=664 kw= ok=1
Cmd: preprocess
  insize=5373 outsize=778 ok=1
Cmd: compileSnippet
  api=4 type=0 insize=4746 outsize=1006 kw= ok=1
Cmd: compileSnippet
  api=4 type=1 insize=4746 outsize=1201 kw= ok=1
Cmd: compileSnippet
  api=4 type=0 insize=4750 outsize=2151 kw= ok=1
Cmd: compileSnippet
  api=4 type=1 insize=4750 outsize=1851 kw= ok=1
Cmd: compileSnippet
  api=4 type=0 insize=4760 outsize=2159 kw= ok=1
Cmd: compileSnippet
  api=4 type=1 insize=4760 outsize=2753 kw= ok=1
Cmd: compileSnippet
  api=4 type=0 insize=4755 outsize=2159 kw= ok=1
Cmd: compileSnippet
  api=4 type=1 insize=4755 outsize=2419 kw= ok=1
Cmd: compileSnippet
  api=4 type=0 insize=4761 outsize=1753 kw= ok=1
Cmd: compileSnippet
  api=4 type=1 insize=4761 outsize=2371 kw= ok=1
Cmd: preprocess
  insize=5974 outsize=1284 ok=1
Cmd: compileSnippet
  api=4 type=0 insize=4412 outsize=1444 kw= ok=1
Cmd: compileSnippet
  api=4 type=1 insize=4412 outsize=3208 kw= ok=1
Cmd: compileSnippet
  error: 1 plat 4 at (72): Output value 'vertApply' is not completely initialized\nCompiling Vertex program
  api=4 type=0 insize=3455 outsize=1201 kw= ok=1
Cmd: compileSnippet
  api=4 type=1 insize=3455 outsize=1672 kw= ok=1
Cmd: compileSnippet
  api=4 type=4 insize=3455 outsize=3606 kw= ok=1
Cmd: compileSnippet
  error: 1 plat 4 at (72): Output value 'vertApply' is not completely initialized\nCompiling Vertex program
  api=4 type=0 insize=3455 outsize=1201 kw= ok=1
Cmd: compileSnippet
  api=4 type=1 insize=3455 outsize=1672 kw= ok=1
Cmd: compileSnippet
  api=4 type=4 insize=3455 outsize=3606 kw= ok=1
Cmd: preprocess
  insize=851 outsize=294 ok=1
Cmd: compileSnippet
  api=4 type=0 insize=862 outsize=1006 kw= ok=1
Cmd: compileSnippet
  api=4 type=1 insize=862 outsize=1103 kw= ok=1
Cmd: preprocess
  insize=2589 outsize=1216 ok=1
Cmd: compileSnippet
  error: 2 plat 4 at (40): 'tex2Dproj': no matching 2 parameter intrinsic function; Possible intrinsic functions are: tex2Dproj(sampler2D, float4|half4|min10float4|min16float4)\nCompiling Vertex program
  api=4 type=0 insize=1678 outsize=0 kw= ok=0
Cmd: compileSnippet
  api=0 type=0 insize=1333 outsize=1134 kw= ok=1
Cmd: compileSnippet
  api=0 type=1 insize=1333 outsize=6 kw= ok=1
Cmd: compileSnippet
  api=0 type=0 insize=1329 outsize=1129 kw= ok=1
Cmd: compileSnippet
  api=0 type=1 insize=1329 outsize=6 kw= ok=1
Cmd: compileSnippet
  api=0 type=0 insize=1329 outsize=1129 kw= ok=1
Cmd: compileSnippet
  api=0 type=1 insize=1329 outsize=6 kw= ok=1
Cmd: compileSnippet
  api=0 type=0 insize=1333 outsize=1134 kw= ok=1
Cmd: compileSnippet
  api=0 type=1 insize=1333 outsize=6 kw= ok=1
Cmd: compileSnippet
  api=0 type=0 insize=1321 outsize=1119 kw= ok=1
Cmd: compileSnippet
  api=0 type=1 insize=1321 outsize=6 kw= ok=1
Cmd: compileSnippet
  api=0 type=0 insize=1331 outsize=1129 kw= ok=1
Cmd: compileSnippet
  api=0 type=1 insize=1331 outsize=6 kw= ok=1
Cmd: compileSnippet
  api=0 type=0 insize=6731 outsize=2252 kw=DIRECTIONAL LIGHTMAP_OFF DIRLIGHTMAP_OFF DYNAMICLIGHTMAP_OFF ok=1
Cmd: compileSnippet
  api=0 type=1 insize=6731 outsize=6 kw=DIRECTIONAL LIGHTMAP_OFF DIRLIGHTMAP_OFF DYNAMICLIGHTMAP_OFF ok=1
Cmd: compileSnippet
  api=0 type=0 insize=3569 outsize=1772 kw=POINT ok=1
Cmd: compileSnippet
  api=0 type=1 insize=3569 outsize=6 kw=POINT ok=1
Cmd: compileSnippet
  api=0 type=1 insize=3569 outsize=6 kw=POINT_COOKIE ok=1
Cmd: compileSnippet
  api=0 type=0 insize=982 outsize=9902 kw=DIRECTIONAL SHADOWS_OFF LIGHTMAP_OFF DIRLIGHTMAP_OFF DYNAMICLIGHTMAP_OFF ok=1
Cmd: compileSnippet
  api=0 type=1 insize=982 outsize=6 kw=DIRECTIONAL SHADOWS_OFF LIGHTMAP_OFF DIRLIGHTMAP_OFF DYNAMICLIGHTMAP_OFF ok=1
Cmd: compileSnippet
  api=0 type=0 insize=938 outsize=6059 kw=POINT SHADOWS_OFF ok=1
Cmd: compileSnippet
  api=0 type=0 insize=938 outsize=6407 kw=DIRECTIONAL_COOKIE SHADOWS_SCREEN ok=1
Cmd: compileSnippet
  api=0 type=0 insize=938 outsize=6958 kw=POINT_COOKIE SHADOWS_CUBE ok=1
Cmd: compileSnippet
  api=0 type=1 insize=938 outsize=6 kw=POINT SHADOWS_OFF ok=1
Cmd: compileSnippet
  api=0 type=1 insize=938 outsize=6 kw=DIRECTIONAL_COOKIE SHADOWS_SCREEN ok=1
Cmd: compileSnippet
  api=0 type=1 insize=938 outsize=6 kw=POINT_COOKIE SHADOWS_CUBE ok=1
Cmd: compileSnippet
  api=0 type=0 insize=751 outsize=1893 kw=SHADOWS_DEPTH ok=1
Cmd: compileSnippet
  api=0 type=1 insize=751 outsize=6 kw=SHADOWS_DEPTH ok=1
Cmd: compileSnippet
  api=0 type=0 insize=1152 outsize=8404 kw=LIGHTMAP_OFF DIRLIGHTMAP_OFF DYNAMICLIGHTMAP_OFF ok=1
Cmd: compileSnippet
  api=0 type=1 insize=1152 outsize=6 kw=LIGHTMAP_OFF DIRLIGHTMAP_OFF DYNAMICLIGHTMAP_OFF ok=1
Cmd: compileSnippet
  api=0 type=0 insize=886 outsize=5197 kw=DIRECTIONAL SHADOWS_OFF LIGHTMAP_OFF DIRLIGHTMAP_OFF DYNAMICLIGHTMAP_OFF ok=1
Cmd: compileSnippet
  api=0 type=0 insize=816 outsize=4797 kw=POINT SHADOWS_OFF ok=1
Cmd: compileSnippet
  api=0 type=0 insize=816 outsize=5347 kw=SPOT SHADOWS_DEPTH SHADOWS_NATIVE ok=1
Cmd: compileSnippet
  api=0 type=0 insize=816 outsize=5692 kw=POINT_COOKIE SHADOWS_CUBE ok=1
Cmd: compileSnippet
  api=0 type=1 insize=816 outsize=6 kw=POINT SHADOWS_OFF ok=1
Cmd: compileSnippet
  api=0 type=1 insize=816 outsize=6 kw=SPOT SHADOWS_OFF ok=1
Cmd: compileSnippet
  api=0 type=1 insize=816 outsize=6 kw=POINT SHADOWS_CUBE ok=1
Cmd: compileSnippet
  api=0 type=0 insize=600 outsize=1893 kw=SHADOWS_DEPTH ok=1
Cmd: compileSnippet
  api=0 type=1 insize=600 outsize=6 kw=SHADOWS_DEPTH ok=1
Cmd: compileSnippet
  api=0 type=0 insize=1705 outsize=541 kw=SOFTPARTICLES_OFF ok=1
Cmd: compileSnippet
  api=0 type=1 insize=1705 outsize=6 kw=SOFTPARTICLES_OFF ok=1
Cmd: compileSnippet
  api=0 type=0 insize=1482 outsize=509 kw=SOFTPARTICLES_OFF ok=1
Cmd: compileSnippet
  api=0 type=1 insize=1482 outsize=6 kw=SOFTPARTICLES_OFF ok=1
Cmd: compileSnippet
  api=0 type=0 insize=9591 outsize=6594 kw= ok=1
Cmd: compileSnippet
  api=0 type=1 insize=9591 outsize=6 kw= ok=1
Cmd: compileSnippet
  api=0 type=0 insize=1678 outsize=1595 kw= ok=1
Cmd: compileSnippet
  api=0 type=1 insize=1678 outsize=6 kw= ok=1
Cmd: compileSnippet
  api=0 type=0 insize=541 outsize=1893 kw=SHADOWS_DEPTH ok=1
Cmd: compileSnippet
  api=0 type=1 insize=541 outsize=6 kw=SHADOWS_DEPTH ok=1
Cmd: compileSnippet
  api=0 type=0 insize=6810 outsize=2300 kw=DIRECTIONAL SHADOWS_OFF LIGHTMAP_OFF DIRLIGHTMAP_OFF DYNAMICLIGHTMAP_OFF ok=1
Cmd: compileSnippet
  api=0 type=1 insize=6810 outsize=6 kw=DIRECTIONAL SHADOWS_OFF LIGHTMAP_OFF DIRLIGHTMAP_OFF DYNAMICLIGHTMAP_OFF ok=1
Cmd: compileSnippet
  api=0 type=0 insize=3647 outsize=1489 kw=DIRECTIONAL ok=1
Cmd: compileSnippet
  api=0 type=1 insize=3647 outsize=6 kw=POINT ok=1
Cmd: compileSnippet
  api=0 type=1 insize=3647 outsize=6 kw=SPOT ok=1
Cmd: compileSnippet
  api=0 type=1 insize=3647 outsize=6 kw=DIRECTIONAL_COOKIE ok=1
Cmd: compileSnippet
  api=0 type=0 insize=2805 outsize=978 kw= ok=1
Cmd: compileSnippet
  api=0 type=1 insize=2805 outsize=6 kw= ok=1
Cmd: compileSnippet
  api=0 type=0 insize=5995 outsize=2688 kw=LIGHTMAP_OFF DIRLIGHTMAP_OFF DYNAMICLIGHTMAP_OFF HDR_LIGHT_PREPASS_OFF ok=1
Cmd: compileSnippet
  api=0 type=1 insize=5995 outsize=6 kw=LIGHTMAP_OFF DIRLIGHTMAP_OFF DYNAMICLIGHTMAP_OFF HDR_LIGHT_PREPASS_OFF ok=1
Cmd: compileSnippet
  api=0 type=0 insize=5928 outsize=2539 kw=LIGHTMAP_OFF DIRLIGHTMAP_OFF DYNAMICLIGHTMAP_OFF UNITY_HDR_ON ok=1
Cmd: compileSnippet
  api=0 type=1 insize=5928 outsize=6 kw=LIGHTMAP_OFF DIRLIGHTMAP_OFF DYNAMICLIGHTMAP_OFF HDR_LIGHT_PREPASS_OFF ok=1
Cmd: compileSnippet
  api=0 type=0 insize=1275 outsize=2781 kw=POINT SHADOWS_OFF ok=1
Cmd: compileSnippet
  api=0 type=0 insize=1275 outsize=2785 kw=DIRECTIONAL_COOKIE SHADOWS_OFF ok=1
Cmd: compileSnippet
  api=0 type=0 insize=1275 outsize=3266 kw=POINT SHADOWS_CUBE ok=1
Cmd: compileSnippet
  api=0 type=0 insize=1275 outsize=4413 kw=POINT_COOKIE SHADOWS_CUBE SHADOWS_SOFT ok=1
Cmd: compileSnippet
  api=0 type=1 insize=1275 outsize=6 kw=POINT SHADOWS_OFF ok=1
Cmd: compileSnippet
  api=0 type=1 insize=1275 outsize=6 kw=DIRECTIONAL_COOKIE SHADOWS_OFF ok=1
Cmd: compileSnippet
  api=0 type=1 insize=1275 outsize=6 kw=DIRECTIONAL SHADOWS_SCREEN ok=1
Cmd: compileSnippet
  api=0 type=0 insize=1268 outsize=2772 kw=POINT SHADOWS_OFF ok=1
Cmd: compileSnippet
  api=0 type=0 insize=1268 outsize=3055 kw=DIRECTIONAL_COOKIE SHADOWS_SCREEN ok=1
Cmd: compileSnippet
  api=0 type=0 insize=1268 outsize=3257 kw=POINT SHADOWS_CUBE ok=1
Cmd: compileSnippet
  api=0 type=0 insize=1268 outsize=4404 kw=POINT_COOKIE SHADOWS_CUBE SHADOWS_SOFT ok=1
Cmd: compileSnippet
  api=0 type=1 insize=1268 outsize=6 kw=POINT SHADOWS_OFF ok=1
Cmd: compileSnippet
  api=0 type=1 insize=1268 outsize=6 kw=DIRECTIONAL_COOKIE SHADOWS_OFF ok=1
Cmd: compileSnippet
  api=0 type=1 insize=1268 outsize=6 kw=DIRECTIONAL SHADOWS_SCREEN ok=1
Cmd: compileSnippet
  api=0 type=1 insize=1268 outsize=6 kw=POINT SHADOWS_CUBE ok=1
Cmd: compileSnippet
  api=0 type=0 insize=1273 outsize=2777 kw=POINT SHADOWS_OFF ok=1
Cmd: compileSnippet
  api=0 type=0 insize=1273 outsize=2845 kw=DIRECTIONAL SHADOWS_SCREEN ok=1
Cmd: compileSnippet
  api=0 type=0 insize=1273 outsize=3482 kw=POINT_COOKIE SHADOWS_CUBE ok=1
Cmd: compileSnippet
  api=0 type=1 insize=1273 outsize=6 kw=POINT SHADOWS_OFF ok=1
Cmd: compileSnippet
  api=0 type=1 insize=1273 outsize=6 kw=DIRECTIONAL_COOKIE SHADOWS_OFF ok=1
Cmd: compileSnippet
  api=0 type=1 insize=1273 outsize=6 kw=POINT SHADOWS_CUBE ok=1
Cmd: compileSnippet
  api=0 type=1 insize=1273 outsize=6 kw=POINT_COOKIE SHADOWS_CUBE SHADOWS_SOFT ok=1
Cmd: compileSnippet
  api=0 type=0 insize=1934 outsize=3851 kw=POINT SHADOWS_OFF ok=1
Cmd: compileSnippet
  api=0 type=0 insize=1934 outsize=4364 kw=DIRECTIONAL_COOKIE SHADOWS_SCREEN ok=1
Cmd: compileSnippet
  api=0 type=0 insize=1934 outsize=5279 kw=POINT SHADOWS_CUBE SHADOWS_SOFT ok=1
Cmd: compileSnippet
  api=0 type=0 insize=1934 outsize=4175 kw=SPOT SHADOWS_OFF UNITY_HDR_ON ok=1
Cmd: compileSnippet
  api=0 type=0 insize=1934 outsize=4095 kw=DIRECTIONAL SHADOWS_SCREEN UNITY_HDR_ON ok=1
Cmd: compileSnippet
  api=0 type=0 insize=1934 outsize=5370 kw=SPOT SHADOWS_DEPTH SHADOWS_SOFT SHADOWS_NATIVE UNITY_HDR_ON ok=1
Cmd: compileSnippet
  api=0 type=1 insize=1934 outsize=6 kw=SPOT SHADOWS_OFF ok=1
Cmd: compileSnippet
  api=0 type=1 insize=1934 outsize=6 kw=DIRECTIONAL_COOKIE SHADOWS_OFF ok=1
Cmd: compileSnippet
  api=0 type=1 insize=1934 outsize=6 kw=POINT_COOKIE SHADOWS_CUBE ok=1
Cmd: compileSnippet
  api=0 type=1 insize=1934 outsize=6 kw=POINT SHADOWS_CUBE SHADOWS_SOFT ok=1
Cmd: compileSnippet
  api=0 type=1 insize=1934 outsize=6 kw=POINT SHADOWS_OFF UNITY_HDR_ON ok=1
Cmd: compileSnippet
  api=0 type=1 insize=1934 outsize=6 kw=DIRECTIONAL_COOKIE SHADOWS_SCREEN UNITY_HDR_ON ok=1
Cmd: compileSnippet
  api=0 type=1 insize=1934 outsize=6 kw=POINT_COOKIE SHADOWS_CUBE UNITY_HDR_ON ok=1
Cmd: compileSnippet
  api=0 type=0 insize=683 outsize=360 kw= ok=1
Cmd: compileSnippet
  api=0 type=1 insize=683 outsize=6 kw= ok=1
Cmd: compileSnippet
  api=0 type=0 insize=1051 outsize=582 kw= ok=1
Cmd: compileSnippet
  api=0 type=1 insize=1051 outsize=6 kw= ok=1
Cmd: compileSnippet
  api=0 type=0 insize=1089 outsize=669 kw= ok=1
Cmd: compileSnippet
  api=0 type=1 insize=1089 outsize=6 kw= ok=1
Cmd: compileSnippet
  api=0 type=0 insize=6638 outsize=15621 kw= ok=1
Cmd: compileSnippet
  api=0 type=1 insize=6638 outsize=6 kw= ok=1
Cmd: compileSnippet
  api=0 type=0 insize=6638 outsize=378 kw= ok=1
Cmd: compileSnippet
  api=0 type=1 insize=6638 outsize=6 kw= ok=1
Cmd: compileSnippet
  api=0 type=0 insize=701 outsize=427 kw= ok=1
Cmd: compileSnippet
  api=0 type=1 insize=701 outsize=6 kw= ok=1
Cmd: compileSnippet
  api=0 type=0 insize=701 outsize=378 kw= ok=1
Cmd: compileSnippet
  api=0 type=1 insize=701 outsize=6 kw= ok=1
Cmd: compileSnippet
  api=0 type=0 insize=1032 outsize=853 kw= ok=1
Cmd: compileSnippet
  api=0 type=1 insize=1032 outsize=6 kw= ok=1
Cmd: compileSnippet
  api=0 type=0 insize=1032 outsize=801 kw= ok=1
Cmd: compileSnippet
  api=0 type=1 insize=1032 outsize=6 kw= ok=1
